Microsoft (R) Macro Assembler (x64) Version 14.00.23506.0   06/21/16 16:56:37
code.asm						     Page 1 - 1


				;.686
				;.MODEL FLAT
				;.STACK
				;.DATA
 00000000			.CODE

				; ecx - 1 arg
				; edx - 2 arg
				; eax - return value

 00000000			min2 PROC
 00000000  E8 00000028			call test_addr
 00000005  4C/ 8B E4			mov r12, rsp
 00000008  48/ 83 EC 28			sub rsp, 28h
 0000000C  48/ 83 E4 F0			and rsp, 0fffffffffffffff0h
 00000010  53				push rbx
 00000011  48/ 83 E8 28			sub rax, 40
 00000015  50				push rax
 00000016  48/ 8B C8			mov rcx, rax
 00000019  48/ 8B 50 10			mov rdx, [rax + 16]
 0000001D  48/ 83 EC 60			sub rsp, 60h
 00000021  FF D2			call rdx
 00000023  48/ 83 C4 60			add rsp, 60h
 00000027  5B				pop rbx
 00000028  5B				pop rbx 
 00000029  49/ 8B E4			mov rsp, r12
 0000002C  C3				ret
 0000002D			test_addr:
 0000002D  48/ 8B 04 24			mov rax, [rsp]
 00000031  48/ 83 E8 05			sub rax, 5
 00000035  C3				ret
 00000036			min2 ENDP

				PUBLIC min2

				END
Microsoft (R) Macro Assembler (x64) Version 14.00.23506.0   06/21/16 16:56:37
code.asm						     Symbols 2 - 1




Procedures, parameters, and locals:

                N a m e                 Type     Value    Attr

min2 . . . . . . . . . . . . . .	P 	 00000000 _TEXT	Length= 00000036 Public
  test_addr  . . . . . . . . . .	L 	 0000002D _TEXT	


Symbols:

                N a m e                 Type     Value    Attr


	   0 Warnings
	   0 Errors
